Watching for file changes with StatReloader
Watching for file changes with StatReloader
Watching for file changes with StatReloader
Watching for file changes with StatReloader
Watching for file changes with StatReloader
D:\MSRTSAMS\rotc_attendance\settings.py changed, reloading.
D:\MSRTSAMS\rotc_attendance\settings.py changed, reloading.
Watching for file changes with StatReloader
Watching for file changes with StatReloader
Watching for file changes with StatReloader
Internal Server Error: /
Traceback (most recent call last):
  File "C:\Users\user\AppData\Local\Programs\Python\Python313\Lib\site-packages\django\core\handlers\exception.py", line 55, in inner
    response = get_response(request)
  File "C:\Users\user\AppData\Local\Programs\Python\Python313\Lib\site-packages\django\core\handlers\base.py", line 198, in _get_response
    response = wrapped_callback(request, *callback_args, **callback_kwargs)
  File "D:\MSRTSAMS\apps\authentication\views.py", line 26, in landing_view
    return render(request, 'landing.html')
  File "C:\Users\user\AppData\Local\Programs\Python\Python313\Lib\site-packages\django\shortcuts.py", line 25, in render
    content = loader.render_to_string(template_name, context, request, using=using)
  File "C:\Users\user\AppData\Local\Programs\Python\Python313\Lib\site-packages\django\template\loader.py", line 62, in render_to_string
    return template.render(context, request)
           ~~~~~~~~~~~~~~~^^^^^^^^^^^^^^^^^^
  File "C:\Users\user\AppData\Local\Programs\Python\Python313\Lib\site-packages\django\template\backends\django.py", line 107, in render
    return self.template.render(context)
           ~~~~~~~~~~~~~~~~~~~~^^^^^^^^^
  File "C:\Users\user\AppData\Local\Programs\Python\Python313\Lib\site-packages\django\template\base.py", line 174, in render
    return self._render(context)
           ~~~~~~~~~~~~^^^^^^^^^
  File "C:\Users\user\AppData\Local\Programs\Python\Python313\Lib\site-packages\django\template\base.py", line 166, in _render
    return self.nodelist.render(context)
           ~~~~~~~~~~~~~~~~~~~~^^^^^^^^^
  File "C:\Users\user\AppData\Local\Programs\Python\Python313\Lib\site-packages\django\template\base.py", line 1091, in render
    return SafeString("".join([node.render_annotated(context) for node in self]))
                               ~~~~~~~~~~~~~~~~~~~~~^^^^^^^^^
  File "C:\Users\user\AppData\Local\Programs\Python\Python313\Lib\site-packages\django\template\base.py", line 1052, in render_annotated
    return self.render(context)
           ~~~~~~~~~~~^^^^^^^^^
  File "C:\Users\user\AppData\Local\Programs\Python\Python313\Lib\site-packages\django\template\loader_tags.py", line 160, in render
    return compiled_parent._render(context)
           ~~~~~~~~~~~~~~~~~~~~~~~^^^^^^^^^
  File "C:\Users\user\AppData\Local\Programs\Python\Python313\Lib\site-packages\django\template\base.py", line 166, in _render
    return self.nodelist.render(context)
           ~~~~~~~~~~~~~~~~~~~~^^^^^^^^^
  File "C:\Users\user\AppData\Local\Programs\Python\Python313\Lib\site-packages\django\template\base.py", line 1091, in render
    return SafeString("".join([node.render_annotated(context) for node in self]))
                               ~~~~~~~~~~~~~~~~~~~~~^^^^^^^^^
  File "C:\Users\user\AppData\Local\Programs\Python\Python313\Lib\site-packages\django\template\base.py", line 1052, in render_annotated
    return self.render(context)
           ~~~~~~~~~~~^^^^^^^^^
  File "C:\Users\user\AppData\Local\Programs\Python\Python313\Lib\site-packages\django\template\defaulttags.py", line 511, in render
    url = reverse(view_name, args=args, kwargs=kwargs, current_app=current_app)
  File "C:\Users\user\AppData\Local\Programs\Python\Python313\Lib\site-packages\django\urls\base.py", line 98, in reverse
    resolved_url = resolver._reverse_with_prefix(view, prefix, *args, **kwargs)
  File "C:\Users\user\AppData\Local\Programs\Python\Python313\Lib\site-packages\django\urls\resolvers.py", line 842, in _reverse_with_prefix
    raise NoReverseMatch(msg)
django.urls.exceptions.NoReverseMatch: Reverse for 'home' not found. 'home' is not a valid view function or pattern name.
- Broken pipe from ('127.0.0.1', 51426)
Internal Server Error: /
Traceback (most recent call last):
  File "C:\Users\user\AppData\Local\Programs\Python\Python313\Lib\site-packages\django\core\handlers\exception.py", line 55, in inner
    response = get_response(request)
  File "C:\Users\user\AppData\Local\Programs\Python\Python313\Lib\site-packages\django\core\handlers\base.py", line 198, in _get_response
    response = wrapped_callback(request, *callback_args, **callback_kwargs)
  File "D:\MSRTSAMS\apps\authentication\views.py", line 26, in landing_view
    return render(request, 'landing.html')
  File "C:\Users\user\AppData\Local\Programs\Python\Python313\Lib\site-packages\django\shortcuts.py", line 25, in render
    content = loader.render_to_string(template_name, context, request, using=using)
  File "C:\Users\user\AppData\Local\Programs\Python\Python313\Lib\site-packages\django\template\loader.py", line 62, in render_to_string
    return template.render(context, request)
           ~~~~~~~~~~~~~~~^^^^^^^^^^^^^^^^^^
  File "C:\Users\user\AppData\Local\Programs\Python\Python313\Lib\site-packages\django\template\backends\django.py", line 107, in render
    return self.template.render(context)
           ~~~~~~~~~~~~~~~~~~~~^^^^^^^^^
  File "C:\Users\user\AppData\Local\Programs\Python\Python313\Lib\site-packages\django\template\base.py", line 174, in render
    return self._render(context)
           ~~~~~~~~~~~~^^^^^^^^^
  File "C:\Users\user\AppData\Local\Programs\Python\Python313\Lib\site-packages\django\template\base.py", line 166, in _render
    return self.nodelist.render(context)
           ~~~~~~~~~~~~~~~~~~~~^^^^^^^^^
  File "C:\Users\user\AppData\Local\Programs\Python\Python313\Lib\site-packages\django\template\base.py", line 1091, in render
    return SafeString("".join([node.render_annotated(context) for node in self]))
                               ~~~~~~~~~~~~~~~~~~~~~^^^^^^^^^
  File "C:\Users\user\AppData\Local\Programs\Python\Python313\Lib\site-packages\django\template\base.py", line 1052, in render_annotated
    return self.render(context)
           ~~~~~~~~~~~^^^^^^^^^
  File "C:\Users\user\AppData\Local\Programs\Python\Python313\Lib\site-packages\django\template\loader_tags.py", line 160, in render
    return compiled_parent._render(context)
           ~~~~~~~~~~~~~~~~~~~~~~~^^^^^^^^^
  File "C:\Users\user\AppData\Local\Programs\Python\Python313\Lib\site-packages\django\template\base.py", line 166, in _render
    return self.nodelist.render(context)
           ~~~~~~~~~~~~~~~~~~~~^^^^^^^^^
  File "C:\Users\user\AppData\Local\Programs\Python\Python313\Lib\site-packages\django\template\base.py", line 1091, in render
    return SafeString("".join([node.render_annotated(context) for node in self]))
                               ~~~~~~~~~~~~~~~~~~~~~^^^^^^^^^
  File "C:\Users\user\AppData\Local\Programs\Python\Python313\Lib\site-packages\django\template\base.py", line 1052, in render_annotated
    return self.render(context)
           ~~~~~~~~~~~^^^^^^^^^
  File "C:\Users\user\AppData\Local\Programs\Python\Python313\Lib\site-packages\django\template\defaulttags.py", line 511, in render
    url = reverse(view_name, args=args, kwargs=kwargs, current_app=current_app)
  File "C:\Users\user\AppData\Local\Programs\Python\Python313\Lib\site-packages\django\urls\base.py", line 98, in reverse
    resolved_url = resolver._reverse_with_prefix(view, prefix, *args, **kwargs)
  File "C:\Users\user\AppData\Local\Programs\Python\Python313\Lib\site-packages\django\urls\resolvers.py", line 842, in _reverse_with_prefix
    raise NoReverseMatch(msg)
django.urls.exceptions.NoReverseMatch: Reverse for 'home' not found. 'home' is not a valid view function or pattern name.
"GET / HTTP/1.1" 500 138662
Not Found: /favicon.ico
"GET /favicon.ico HTTP/1.1" 404 5504
D:\MSRTSAMS\apps\authentication\views.py changed, reloading.
D:\MSRTSAMS\apps\authentication\views.py changed, reloading.
D:\MSRTSAMS\apps\authentication\views.py changed, reloading.
Watching for file changes with StatReloader
Watching for file changes with StatReloader
Watching for file changes with StatReloader
Internal Server Error: /
Traceback (most recent call last):
  File "C:\Users\user\AppData\Local\Programs\Python\Python313\Lib\site-packages\django\core\handlers\exception.py", line 55, in inner
    response = get_response(request)
  File "C:\Users\user\AppData\Local\Programs\Python\Python313\Lib\site-packages\django\core\handlers\base.py", line 198, in _get_response
    response = wrapped_callback(request, *callback_args, **callback_kwargs)
  File "D:\MSRTSAMS\apps\authentication\views.py", line 26, in landing_view
    return render(request, 'landing.html')
  File "C:\Users\user\AppData\Local\Programs\Python\Python313\Lib\site-packages\django\shortcuts.py", line 25, in render
    content = loader.render_to_string(template_name, context, request, using=using)
  File "C:\Users\user\AppData\Local\Programs\Python\Python313\Lib\site-packages\django\template\loader.py", line 62, in render_to_string
    return template.render(context, request)
           ~~~~~~~~~~~~~~~^^^^^^^^^^^^^^^^^^
  File "C:\Users\user\AppData\Local\Programs\Python\Python313\Lib\site-packages\django\template\backends\django.py", line 107, in render
    return self.template.render(context)
           ~~~~~~~~~~~~~~~~~~~~^^^^^^^^^
  File "C:\Users\user\AppData\Local\Programs\Python\Python313\Lib\site-packages\django\template\base.py", line 174, in render
    return self._render(context)
           ~~~~~~~~~~~~^^^^^^^^^
  File "C:\Users\user\AppData\Local\Programs\Python\Python313\Lib\site-packages\django\template\base.py", line 166, in _render
    return self.nodelist.render(context)
           ~~~~~~~~~~~~~~~~~~~~^^^^^^^^^
  File "C:\Users\user\AppData\Local\Programs\Python\Python313\Lib\site-packages\django\template\base.py", line 1091, in render
    return SafeString("".join([node.render_annotated(context) for node in self]))
                               ~~~~~~~~~~~~~~~~~~~~~^^^^^^^^^
  File "C:\Users\user\AppData\Local\Programs\Python\Python313\Lib\site-packages\django\template\base.py", line 1052, in render_annotated
    return self.render(context)
           ~~~~~~~~~~~^^^^^^^^^
  File "C:\Users\user\AppData\Local\Programs\Python\Python313\Lib\site-packages\django\template\loader_tags.py", line 160, in render
    return compiled_parent._render(context)
           ~~~~~~~~~~~~~~~~~~~~~~~^^^^^^^^^
  File "C:\Users\user\AppData\Local\Programs\Python\Python313\Lib\site-packages\django\template\base.py", line 166, in _render
    return self.nodelist.render(context)
           ~~~~~~~~~~~~~~~~~~~~^^^^^^^^^
  File "C:\Users\user\AppData\Local\Programs\Python\Python313\Lib\site-packages\django\template\base.py", line 1091, in render
    return SafeString("".join([node.render_annotated(context) for node in self]))
                               ~~~~~~~~~~~~~~~~~~~~~^^^^^^^^^
  File "C:\Users\user\AppData\Local\Programs\Python\Python313\Lib\site-packages\django\template\base.py", line 1052, in render_annotated
    return self.render(context)
           ~~~~~~~~~~~^^^^^^^^^
  File "C:\Users\user\AppData\Local\Programs\Python\Python313\Lib\site-packages\django\template\defaulttags.py", line 511, in render
    url = reverse(view_name, args=args, kwargs=kwargs, current_app=current_app)
  File "C:\Users\user\AppData\Local\Programs\Python\Python313\Lib\site-packages\django\urls\base.py", line 98, in reverse
    resolved_url = resolver._reverse_with_prefix(view, prefix, *args, **kwargs)
  File "C:\Users\user\AppData\Local\Programs\Python\Python313\Lib\site-packages\django\urls\resolvers.py", line 842, in _reverse_with_prefix
    raise NoReverseMatch(msg)
django.urls.exceptions.NoReverseMatch: Reverse for 'landing' not found. 'landing' is not a valid view function or pattern name.
"GET / HTTP/1.1" 500 138819
Not Found: /favicon.ico
"GET /favicon.ico HTTP/1.1" 404 5765
D:\MSRTSAMS\rotc_attendance\urls.py changed, reloading.
D:\MSRTSAMS\rotc_attendance\urls.py changed, reloading.
D:\MSRTSAMS\rotc_attendance\urls.py changed, reloading.
Watching for file changes with StatReloader
Watching for file changes with StatReloader
Watching for file changes with StatReloader
"GET / HTTP/1.1" 200 25575
Watching for file changes with StatReloader
"GET /login/ HTTP/1.1" 200 16058
"GET / HTTP/1.1" 200 25575
"GET /login/ HTTP/1.1" 200 16058
"GET / HTTP/1.1" 200 25575
"GET /login/ HTTP/1.1" 200 16058
"GET / HTTP/1.1" 200 25508
"GET /static/images/msu_logo.png HTTP/1.1" 404 1984
"GET /login/ HTTP/1.1" 200 16309
"GET / HTTP/1.1" 200 25759
"GET /static/images/msu_logo.png HTTP/1.1" 404 1984
"GET /login/ HTTP/1.1" 200 16309
"GET /login/ HTTP/1.1" 200 16309
"GET / HTTP/1.1" 200 25759
"GET /static/images/msu_logo.png HTTP/1.1" 404 1984
"GET /login/ HTTP/1.1" 200 16845
D:\MSRTSAMS\apps\authentication\urls.py changed, reloading.
D:\MSRTSAMS\apps\authentication\urls.py changed, reloading.
D:\MSRTSAMS\apps\authentication\urls.py changed, reloading.
D:\MSRTSAMS\apps\authentication\urls.py changed, reloading.
D:\MSRTSAMS\apps\authentication\urls.py changed, reloading.
D:\MSRTSAMS\apps\authentication\urls.py changed, reloading.
D:\MSRTSAMS\apps\authentication\urls.py changed, reloading.
Watching for file changes with StatReloader
D:\MSRTSAMS\apps\authentication\views.py changed, reloading.
Watching for file changes with StatReloader
Watching for file changes with StatReloader
Watching for file changes with StatReloader
Watching for file changes with StatReloader
"GET /staff/signup/ HTTP/1.1" 200 31194
"GET / HTTP/1.1" 200 26295
"GET /static/images/msu_logo.png HTTP/1.1" 404 1984
Watching for file changes with StatReloader
"GET / HTTP/1.1" 200 26295
"GET /static/images/msu_logo.png HTTP/1.1" 404 1984
"GET /login/ HTTP/1.1" 200 18451
"GET / HTTP/1.1" 200 26295
"GET /static/images/msu_logo.png HTTP/1.1" 404 1984
"GET /login/ HTTP/1.1" 200 18451
"POST /login/ HTTP/1.1" 200 40
"GET /admin/ HTTP/1.1" 200 7834
"GET /static/admin/js/theme.js HTTP/1.1" 200 1653
"GET /static/admin/css/dark_mode.css HTTP/1.1" 200 3538
"GET /static/admin/css/nav_sidebar.css HTTP/1.1" 200 2810
"GET /static/admin/css/responsive.css HTTP/1.1" 200 16273
"GET /static/admin/css/dashboard.css HTTP/1.1" 200 441
"GET /static/admin/css/base.css HTTP/1.1" 200 23100
"GET /static/admin/js/nav_sidebar.js HTTP/1.1" 200 3063
"GET /static/admin/img/icon-yes-dark.svg HTTP/1.1" 200 558
"GET /static/admin/img/icon-addlink.svg HTTP/1.1" 200 593
"GET /static/admin/img/icon-changelink.svg HTTP/1.1" 200 978
"GET / HTTP/1.1" 200 34497
Not Found: /qrcode/
"GET /qrcode/ HTTP/1.1" 404 7362
"GET /dashboard/ HTTP/1.1" 200 34497
D:\MSRTSAMS\apps\authentication\urls.py changed, reloading.
Watching for file changes with StatReloader
D:\MSRTSAMS\apps\authentication\views.py changed, reloading.
Watching for file changes with StatReloader
"GET /dashboard/ HTTP/1.1" 200 23762
"GET /dashboard/ HTTP/1.1" 200 23762
Not Found: /reports/
"GET /reports/ HTTP/1.1" 404 6403
"GET /admin/ HTTP/1.1" 200 7687
"GET /static/admin/css/base.css HTTP/1.1" 304 0
"GET /static/admin/css/dark_mode.css HTTP/1.1" 304 0
"GET /static/admin/css/dashboard.css HTTP/1.1" 304 0
"GET /static/admin/css/nav_sidebar.css HTTP/1.1" 304 0
"GET /static/admin/js/theme.js HTTP/1.1" 304 0
"GET /static/admin/css/responsive.css HTTP/1.1" 304 0
"GET /static/admin/js/nav_sidebar.js HTTP/1.1" 304 0
"GET /static/admin/img/icon-addlink.svg HTTP/1.1" 304 0
"GET /static/admin/img/icon-changelink.svg HTTP/1.1" 304 0
"GET /dashboard/ HTTP/1.1" 200 23762
"GET /dashboard/ HTTP/1.1" 200 23762
"GET /dashboard/ HTTP/1.1" 200 23762
"GET /dashboard/ HTTP/1.1" 200 23762
"GET /dashboard/ HTTP/1.1" 200 23762
"GET / HTTP/1.1" 200 23762
"GET /dashboard/ HTTP/1.1" 200 23762
Internal Server Error: /staff/
Traceback (most recent call last):
  File "C:\Users\user\AppData\Local\Programs\Python\Python313\Lib\site-packages\django\core\handlers\exception.py", line 55, in inner
    response = get_response(request)
  File "C:\Users\user\AppData\Local\Programs\Python\Python313\Lib\site-packages\django\core\handlers\base.py", line 198, in _get_response
    response = wrapped_callback(request, *callback_args, **callback_kwargs)
  File "C:\Users\user\AppData\Local\Programs\Python\Python313\Lib\site-packages\django\contrib\auth\decorators.py", line 59, in _view_wrapper
    return view_func(request, *args, **kwargs)
  File "D:\MSRTSAMS\apps\staff\views.py", line 67, in staff_list
    return render(request, 'staff/list.html', context)
  File "C:\Users\user\AppData\Local\Programs\Python\Python313\Lib\site-packages\django\shortcuts.py", line 25, in render
    content = loader.render_to_string(template_name, context, request, using=using)
  File "C:\Users\user\AppData\Local\Programs\Python\Python313\Lib\site-packages\django\template\loader.py", line 61, in render_to_string
    template = get_template(template_name, using=using)
  File "C:\Users\user\AppData\Local\Programs\Python\Python313\Lib\site-packages\django\template\loader.py", line 19, in get_template
    raise TemplateDoesNotExist(template_name, chain=chain)
django.template.exceptions.TemplateDoesNotExist: staff/list.html
"GET /staff/ HTTP/1.1" 500 90342
Internal Server Error: /attendance/
Traceback (most recent call last):
  File "C:\Users\user\AppData\Local\Programs\Python\Python313\Lib\site-packages\django\core\handlers\exception.py", line 55, in inner
    response = get_response(request)
  File "C:\Users\user\AppData\Local\Programs\Python\Python313\Lib\site-packages\django\core\handlers\base.py", line 198, in _get_response
    response = wrapped_callback(request, *callback_args, **callback_kwargs)
  File "C:\Users\user\AppData\Local\Programs\Python\Python313\Lib\site-packages\django\contrib\auth\decorators.py", line 59, in _view_wrapper
    return view_func(request, *args, **kwargs)
  File "D:\MSRTSAMS\apps\attendance\views.py", line 83, in attendance_dashboard
    return render(request, 'attendance/dashboard.html', context)
  File "C:\Users\user\AppData\Local\Programs\Python\Python313\Lib\site-packages\django\shortcuts.py", line 25, in render
    content = loader.render_to_string(template_name, context, request, using=using)
  File "C:\Users\user\AppData\Local\Programs\Python\Python313\Lib\site-packages\django\template\loader.py", line 61, in render_to_string
    template = get_template(template_name, using=using)
  File "C:\Users\user\AppData\Local\Programs\Python\Python313\Lib\site-packages\django\template\loader.py", line 19, in get_template
    raise TemplateDoesNotExist(template_name, chain=chain)
django.template.exceptions.TemplateDoesNotExist: attendance/dashboard.html
"GET /attendance/ HTTP/1.1" 500 91975
Not Found: /qrcode/
"GET /qrcode/ HTTP/1.1" 404 7890
"GET /dashboard/ HTTP/1.1" 200 23762
"GET /dashboard/ HTTP/1.1" 200 23762
"GET /dashboard/ HTTP/1.1" 200 23762
"GET /dashboard/ HTTP/1.1" 200 23762
"GET /dashboard/ HTTP/1.1" 200 23762
"GET /dashboard/ HTTP/1.1" 200 23762
"GET /logout/ HTTP/1.1" 200 19054
"GET /staff/signup/ HTTP/1.1" 200 31420
Internal Server Error: /
Traceback (most recent call last):
  File "C:\Users\user\AppData\Local\Programs\Python\Python313\Lib\site-packages\django\template\base.py", line 577, in parse
    compile_func = self.tags[command]
                   ~~~~~~~~~^^^^^^^^^
KeyError: 'endblock'

During handling of the above exception, another exception occurred:

Traceback (most recent call last):
  File "C:\Users\user\AppData\Local\Programs\Python\Python313\Lib\site-packages\django\core\handlers\exception.py", line 55, in inner
    response = get_response(request)
  File "C:\Users\user\AppData\Local\Programs\Python\Python313\Lib\site-packages\django\core\handlers\base.py", line 198, in _get_response
    response = wrapped_callback(request, *callback_args, **callback_kwargs)
  File "D:\MSRTSAMS\apps\authentication\views.py", line 26, in landing_view
    return render(request, 'landing.html')
  File "C:\Users\user\AppData\Local\Programs\Python\Python313\Lib\site-packages\django\shortcuts.py", line 25, in render
    content = loader.render_to_string(template_name, context, request, using=using)
  File "C:\Users\user\AppData\Local\Programs\Python\Python313\Lib\site-packages\django\template\loader.py", line 61, in render_to_string
    template = get_template(template_name, using=using)
  File "C:\Users\user\AppData\Local\Programs\Python\Python313\Lib\site-packages\django\template\loader.py", line 15, in get_template
    return engine.get_template(template_name)
           ~~~~~~~~~~~~~~~~~~~^^^^^^^^^^^^^^^
  File "C:\Users\user\AppData\Local\Programs\Python\Python313\Lib\site-packages\django\template\backends\django.py", line 79, in get_template
    return Template(self.engine.get_template(template_name), self)
                    ~~~~~~~~~~~~~~~~~~~~~~~~^^^^^^^^^^^^^^^
  File "C:\Users\user\AppData\Local\Programs\Python\Python313\Lib\site-packages\django\template\engine.py", line 186, in get_template
    template, origin = self.find_template(template_name)
                       ~~~~~~~~~~~~~~~~~~^^^^^^^^^^^^^^^
  File "C:\Users\user\AppData\Local\Programs\Python\Python313\Lib\site-packages\django\template\engine.py", line 159, in find_template
    template = loader.get_template(name, skip=skip)
  File "C:\Users\user\AppData\Local\Programs\Python\Python313\Lib\site-packages\django\template\loaders\cached.py", line 57, in get_template
    template = super().get_template(template_name, skip)
  File "C:\Users\user\AppData\Local\Programs\Python\Python313\Lib\site-packages\django\template\loaders\base.py", line 28, in get_template
    return Template(
        contents,
    ...<2 lines>...
        self.engine,
    )
  File "C:\Users\user\AppData\Local\Programs\Python\Python313\Lib\site-packages\django\template\base.py", line 157, in __init__
    self.nodelist = self.compile_nodelist()
                    ~~~~~~~~~~~~~~~~~~~~~^^
  File "C:\Users\user\AppData\Local\Programs\Python\Python313\Lib\site-packages\django\template\base.py", line 199, in compile_nodelist
    nodelist = parser.parse()
  File "C:\Users\user\AppData\Local\Programs\Python\Python313\Lib\site-packages\django\template\base.py", line 585, in parse
    raise self.error(token, e)
  File "C:\Users\user\AppData\Local\Programs\Python\Python313\Lib\site-packages\django\template\base.py", line 583, in parse
    compiled_result = compile_func(self, token)
  File "C:\Users\user\AppData\Local\Programs\Python\Python313\Lib\site-packages\django\template\loader_tags.py", line 307, in do_extends
    nodelist = parser.parse()
  File "C:\Users\user\AppData\Local\Programs\Python\Python313\Lib\site-packages\django\template\base.py", line 579, in parse
    self.invalid_block_tag(token, command, parse_until)
    ~~~~~~~~~~~~~~~~~~~~~~^^^^^^^^^^^^^^^^^^^^^^^^^^^^^
  File "C:\Users\user\AppData\Local\Programs\Python\Python313\Lib\site-packages\django\template\base.py", line 644, in invalid_block_tag
    raise self.error(
    ...<3 lines>...
    )
django.template.exceptions.TemplateSyntaxError: Template: D:\MSRTSAMS\templates\landing.html, Invalid block tag on line 585: 'endblock'. Did you forget to register or load this tag?
"GET / HTTP/1.1" 500 169004
Internal Server Error: /
Traceback (most recent call last):
  File "C:\Users\user\AppData\Local\Programs\Python\Python313\Lib\site-packages\django\template\base.py", line 577, in parse
    compile_func = self.tags[command]
                   ~~~~~~~~~^^^^^^^^^
KeyError: 'endblock'

During handling of the above exception, another exception occurred:

Traceback (most recent call last):
  File "C:\Users\user\AppData\Local\Programs\Python\Python313\Lib\site-packages\django\core\handlers\exception.py", line 55, in inner
    response = get_response(request)
  File "C:\Users\user\AppData\Local\Programs\Python\Python313\Lib\site-packages\django\core\handlers\base.py", line 198, in _get_response
    response = wrapped_callback(request, *callback_args, **callback_kwargs)
  File "D:\MSRTSAMS\apps\authentication\views.py", line 26, in landing_view
    return render(request, 'landing.html')
  File "C:\Users\user\AppData\Local\Programs\Python\Python313\Lib\site-packages\django\shortcuts.py", line 25, in render
    content = loader.render_to_string(template_name, context, request, using=using)
  File "C:\Users\user\AppData\Local\Programs\Python\Python313\Lib\site-packages\django\template\loader.py", line 61, in render_to_string
    template = get_template(template_name, using=using)
  File "C:\Users\user\AppData\Local\Programs\Python\Python313\Lib\site-packages\django\template\loader.py", line 15, in get_template
    return engine.get_template(template_name)
           ~~~~~~~~~~~~~~~~~~~^^^^^^^^^^^^^^^
  File "C:\Users\user\AppData\Local\Programs\Python\Python313\Lib\site-packages\django\template\backends\django.py", line 79, in get_template
    return Template(self.engine.get_template(template_name), self)
                    ~~~~~~~~~~~~~~~~~~~~~~~~^^^^^^^^^^^^^^^
  File "C:\Users\user\AppData\Local\Programs\Python\Python313\Lib\site-packages\django\template\engine.py", line 186, in get_template
    template, origin = self.find_template(template_name)
                       ~~~~~~~~~~~~~~~~~~^^^^^^^^^^^^^^^
  File "C:\Users\user\AppData\Local\Programs\Python\Python313\Lib\site-packages\django\template\engine.py", line 159, in find_template
    template = loader.get_template(name, skip=skip)
  File "C:\Users\user\AppData\Local\Programs\Python\Python313\Lib\site-packages\django\template\loaders\cached.py", line 57, in get_template
    template = super().get_template(template_name, skip)
  File "C:\Users\user\AppData\Local\Programs\Python\Python313\Lib\site-packages\django\template\loaders\base.py", line 28, in get_template
    return Template(
        contents,
    ...<2 lines>...
        self.engine,
    )
  File "C:\Users\user\AppData\Local\Programs\Python\Python313\Lib\site-packages\django\template\base.py", line 157, in __init__
    self.nodelist = self.compile_nodelist()
                    ~~~~~~~~~~~~~~~~~~~~~^^
  File "C:\Users\user\AppData\Local\Programs\Python\Python313\Lib\site-packages\django\template\base.py", line 199, in compile_nodelist
    nodelist = parser.parse()
  File "C:\Users\user\AppData\Local\Programs\Python\Python313\Lib\site-packages\django\template\base.py", line 585, in parse
    raise self.error(token, e)
  File "C:\Users\user\AppData\Local\Programs\Python\Python313\Lib\site-packages\django\template\base.py", line 583, in parse
    compiled_result = compile_func(self, token)
  File "C:\Users\user\AppData\Local\Programs\Python\Python313\Lib\site-packages\django\template\loader_tags.py", line 307, in do_extends
    nodelist = parser.parse()
  File "C:\Users\user\AppData\Local\Programs\Python\Python313\Lib\site-packages\django\template\base.py", line 579, in parse
    self.invalid_block_tag(token, command, parse_until)
    ~~~~~~~~~~~~~~~~~~~~~~^^^^^^^^^^^^^^^^^^^^^^^^^^^^^
  File "C:\Users\user\AppData\Local\Programs\Python\Python313\Lib\site-packages\django\template\base.py", line 644, in invalid_block_tag
    raise self.error(
    ...<3 lines>...
    )
django.template.exceptions.TemplateSyntaxError: Template: D:\MSRTSAMS\templates\landing.html, Invalid block tag on line 585: 'endblock'. Did you forget to register or load this tag?
"GET / HTTP/1.1" 500 169141
D:\MSRTSAMS\apps\authentication\views.py changed, reloading.
Watching for file changes with StatReloader
D:\MSRTSAMS\apps\authentication\views.py changed, reloading.
Watching for file changes with StatReloader
D:\MSRTSAMS\apps\staff\views.py changed, reloading.
Watching for file changes with StatReloader
D:\MSRTSAMS\apps\authentication\serializers.py changed, reloading.
Watching for file changes with StatReloader
D:\MSRTSAMS\apps\authentication\urls.py changed, reloading.
Watching for file changes with StatReloader
D:\MSRTSAMS\rotc_attendance\urls.py changed, reloading.
Watching for file changes with StatReloader
D:\MSRTSAMS\rotc_attendance\urls.py changed, reloading.
Watching for file changes with StatReloader
D:\MSRTSAMS\rotc_attendance\urls.py changed, reloading.
Watching for file changes with StatReloader
D:\MSRTSAMS\rotc_attendance\settings.py changed, reloading.
Watching for file changes with StatReloader
Watching for file changes with StatReloader
Internal Server Error: /
Traceback (most recent call last):
  File "C:\Users\user\AppData\Local\Programs\Python\Python313\Lib\site-packages\django\template\base.py", line 577, in parse
    compile_func = self.tags[command]
                   ~~~~~~~~~^^^^^^^^^
KeyError: 'endblock'

During handling of the above exception, another exception occurred:

Traceback (most recent call last):
  File "C:\Users\user\AppData\Local\Programs\Python\Python313\Lib\site-packages\django\core\handlers\exception.py", line 55, in inner
    response = get_response(request)
  File "C:\Users\user\AppData\Local\Programs\Python\Python313\Lib\site-packages\django\core\handlers\base.py", line 198, in _get_response
    response = wrapped_callback(request, *callback_args, **callback_kwargs)
  File "D:\MSRTSAMS\apps\authentication\views.py", line 22, in landing_view
    return render(request, 'landing.html')
  File "C:\Users\user\AppData\Local\Programs\Python\Python313\Lib\site-packages\django\shortcuts.py", line 25, in render
    content = loader.render_to_string(template_name, context, request, using=using)
  File "C:\Users\user\AppData\Local\Programs\Python\Python313\Lib\site-packages\django\template\loader.py", line 61, in render_to_string
    template = get_template(template_name, using=using)
  File "C:\Users\user\AppData\Local\Programs\Python\Python313\Lib\site-packages\django\template\loader.py", line 15, in get_template
    return engine.get_template(template_name)
           ~~~~~~~~~~~~~~~~~~~^^^^^^^^^^^^^^^
  File "C:\Users\user\AppData\Local\Programs\Python\Python313\Lib\site-packages\django\template\backends\django.py", line 79, in get_template
    return Template(self.engine.get_template(template_name), self)
                    ~~~~~~~~~~~~~~~~~~~~~~~~^^^^^^^^^^^^^^^
  File "C:\Users\user\AppData\Local\Programs\Python\Python313\Lib\site-packages\django\template\engine.py", line 186, in get_template
    template, origin = self.find_template(template_name)
                       ~~~~~~~~~~~~~~~~~~^^^^^^^^^^^^^^^
  File "C:\Users\user\AppData\Local\Programs\Python\Python313\Lib\site-packages\django\template\engine.py", line 159, in find_template
    template = loader.get_template(name, skip=skip)
  File "C:\Users\user\AppData\Local\Programs\Python\Python313\Lib\site-packages\django\template\loaders\cached.py", line 57, in get_template
    template = super().get_template(template_name, skip)
  File "C:\Users\user\AppData\Local\Programs\Python\Python313\Lib\site-packages\django\template\loaders\base.py", line 28, in get_template
    return Template(
        contents,
    ...<2 lines>...
        self.engine,
    )
  File "C:\Users\user\AppData\Local\Programs\Python\Python313\Lib\site-packages\django\template\base.py", line 157, in __init__
    self.nodelist = self.compile_nodelist()
                    ~~~~~~~~~~~~~~~~~~~~~^^
  File "C:\Users\user\AppData\Local\Programs\Python\Python313\Lib\site-packages\django\template\base.py", line 199, in compile_nodelist
    nodelist = parser.parse()
  File "C:\Users\user\AppData\Local\Programs\Python\Python313\Lib\site-packages\django\template\base.py", line 585, in parse
    raise self.error(token, e)
  File "C:\Users\user\AppData\Local\Programs\Python\Python313\Lib\site-packages\django\template\base.py", line 583, in parse
    compiled_result = compile_func(self, token)
  File "C:\Users\user\AppData\Local\Programs\Python\Python313\Lib\site-packages\django\template\loader_tags.py", line 307, in do_extends
    nodelist = parser.parse()
  File "C:\Users\user\AppData\Local\Programs\Python\Python313\Lib\site-packages\django\template\base.py", line 579, in parse
    self.invalid_block_tag(token, command, parse_until)
    ~~~~~~~~~~~~~~~~~~~~~~^^^^^^^^^^^^^^^^^^^^^^^^^^^^^
  File "C:\Users\user\AppData\Local\Programs\Python\Python313\Lib\site-packages\django\template\base.py", line 644, in invalid_block_tag
    raise self.error(
    ...<3 lines>...
    )
django.template.exceptions.TemplateSyntaxError: Template: D:\MSRTSAMS\templates\landing.html, Invalid block tag on line 585: 'endblock'. Did you forget to register or load this tag?
"GET / HTTP/1.1" 500 168214
Not Found: /favicon.ico
"GET /favicon.ico HTTP/1.1" 404 6734
D:\MSRTSAMS\rotc_attendance\settings.py changed, reloading.
D:\MSRTSAMS\rotc_attendance\settings.py changed, reloading.
Watching for file changes with StatReloader
Watching for file changes with StatReloader
"GET / HTTP/1.1" 200 18996
"GET /static/images/msu_logo.png HTTP/1.1" 404 1984
Not Found: /favicon.ico
"GET /favicon.ico HTTP/1.1" 404 6734
"GET / HTTP/1.1" 200 18996
"GET /static/images/msu_logo.png HTTP/1.1" 404 1984
"GET /login/ HTTP/1.1" 200 18650
Forbidden (Origin checking failed - http://127.0.0.1:63751 does not match any trusted origins.): /login/
"POST /login/ HTTP/1.1" 403 2555
D:\MSRTSAMS\apps\authentication\views.py changed, reloading.
D:\MSRTSAMS\apps\authentication\views.py changed, reloading.
Watching for file changes with StatReloader
Watching for file changes with StatReloader
Forbidden (Origin checking failed - http://127.0.0.1:63751 does not match any trusted origins.): /login/
"POST /login/ HTTP/1.1" 403 2555
Forbidden (Origin checking failed - http://127.0.0.1:63751 does not match any trusted origins.): /login/
"POST /login/ HTTP/1.1" 403 2555
Forbidden (Origin checking failed - http://127.0.0.1:63751 does not match any trusted origins.): /login/
"POST /login/ HTTP/1.1" 403 2555
Forbidden (Origin checking failed - http://127.0.0.1:63751 does not match any trusted origins.): /login/
"POST /login/ HTTP/1.1" 403 2555
"GET /login/ HTTP/1.1" 200 18692
"GET /login/ HTTP/1.1" 200 18692
"GET / HTTP/1.1" 200 18996
"GET /static/images/msu_logo.png HTTP/1.1" 404 1984
D:\MSRTSAMS\apps\staff\views.py changed, reloading.
D:\MSRTSAMS\apps\staff\views.py changed, reloading.
Watching for file changes with StatReloader
Watching for file changes with StatReloader
D:\MSRTSAMS\apps\reports\views.py changed, reloading.
D:\MSRTSAMS\apps\reports\views.py changed, reloading.
Watching for file changes with StatReloader
Watching for file changes with StatReloader
D:\MSRTSAMS\apps\qrcode\views.py changed, reloading.
D:\MSRTSAMS\apps\qrcode\views.py changed, reloading.
Watching for file changes with StatReloader
Watching for file changes with StatReloader
D:\MSRTSAMS\apps\attendance\views.py changed, reloading.
D:\MSRTSAMS\apps\attendance\views.py changed, reloading.
Watching for file changes with StatReloader
Watching for file changes with StatReloader
"GET / HTTP/1.1" 200 25958
"GET /static/images/msu_logo.png HTTP/1.1" 404 1984
"GET /login/ HTTP/1.1" 200 26367
D:\MSRTSAMS\apps\authentication\views.py changed, reloading.
D:\MSRTSAMS\apps\authentication\views.py changed, reloading.
Watching for file changes with StatReloader
Watching for file changes with StatReloader
D:\MSRTSAMS\apps\staff\views.py changed, reloading.
D:\MSRTSAMS\apps\staff\views.py changed, reloading.
Watching for file changes with StatReloader
Watching for file changes with StatReloader
D:\MSRTSAMS\apps\reports\views.py changed, reloading.
D:\MSRTSAMS\apps\reports\views.py changed, reloading.
Watching for file changes with StatReloader
Watching for file changes with StatReloader
D:\MSRTSAMS\apps\qrcode\views.py changed, reloading.
D:\MSRTSAMS\apps\qrcode\views.py changed, reloading.
Watching for file changes with StatReloader
Watching for file changes with StatReloader
Forbidden (Origin checking failed - http://127.0.0.1:63751 does not match any trusted origins.): /login/
"POST /login/ HTTP/1.1" 403 2555
Forbidden (Origin checking failed - http://127.0.0.1:63751 does not match any trusted origins.): /login/
"POST /login/ HTTP/1.1" 403 2555
Forbidden (Origin checking failed - http://127.0.0.1:63751 does not match any trusted origins.): /login/
"POST /login/ HTTP/1.1" 403 2555
Forbidden (Origin checking failed - http://127.0.0.1:63751 does not match any trusted origins.): /login/
"POST /login/ HTTP/1.1" 403 2555
"GET /staff/signup/ HTTP/1.1" 200 34640
"GET /login/ HTTP/1.1" 200 26371
D:\MSRTSAMS\apps\attendance\views.py changed, reloading.
D:\MSRTSAMS\apps\attendance\views.py changed, reloading.
Watching for file changes with StatReloader
Watching for file changes with StatReloader
Forbidden (Origin checking failed - http://127.0.0.1:63751 does not match any trusted origins.): /login/
"POST /login/ HTTP/1.1" 403 2555
Forbidden (Origin checking failed - http://127.0.0.1:63751 does not match any trusted origins.): /login/
"POST /login/ HTTP/1.1" 403 2555
Forbidden (Origin checking failed - http://127.0.0.1:63751 does not match any trusted origins.): /login/
"POST /login/ HTTP/1.1" 403 2555
Forbidden (Origin checking failed - http://127.0.0.1:63751 does not match any trusted origins.): /login/
"POST /login/ HTTP/1.1" 403 2555
Forbidden (Origin checking failed - http://127.0.0.1:63751 does not match any trusted origins.): /login/
"POST /login/ HTTP/1.1" 403 2555
Forbidden (Origin checking failed - http://127.0.0.1:63751 does not match any trusted origins.): /login/
"POST /login/ HTTP/1.1" 403 2555
Forbidden (Origin checking failed - http://127.0.0.1:63751 does not match any trusted origins.): /login/
"POST /login/ HTTP/1.1" 403 2555
Watching for file changes with StatReloader
"GET / HTTP/1.1" 200 25958
"GET / HTTP/1.1" 200 25958
"GET /static/images/msu_logo.png HTTP/1.1" 404 1984
"GET /static/images/msu_logo.png HTTP/1.1" 404 1984
Not Found: /favicon.ico
"GET /favicon.ico HTTP/1.1" 404 6734
"GET /about/ HTTP/1.1" 200 21480
"GET / HTTP/1.1" 200 25958
"GET /static/images/msu_logo.png HTTP/1.1" 404 1984
"GET /login/ HTTP/1.1" 200 26371
Forbidden (Origin checking failed - http://127.0.0.1:63751 does not match any trusted origins.): /login/
"POST /login/ HTTP/1.1" 403 2555
